<?xml version="1.0" encoding="UTF-8"?>
<testsuite xmlns:xsi="http://www.w3.org/2001/XMLSchema-instance" xsi:noNamespaceSchemaLocation="https://maven.apache.org/surefire/maven-surefire-plugin/xsd/surefire-test-report-3.0.xsd" version="3.0" name="com.yan.leaves.test.services.TeacherServiceTest" time="5.619" tests="12" errors="0" skipped="0" failures="0">
  <properties>
[...]
</properties>
  <testcase name="find_by_id_test(int, String, String, String, LocalDate, int)[1]" classname="com.yan.leaves.test.services.TeacherServiceTest" time="0.868"/>
  <testcase name="find_by_id_test(int, String, String, String, LocalDate, int)[2]" classname="com.yan.leaves.test.services.TeacherServiceTest" time="0.331"/>
  <testcase name="find_by_id_test(int, String, String, String, LocalDate, int)[3]" classname="com.yan.leaves.test.services.TeacherServiceTest" time="0.371"/>
  <testcase name="save_insert_success(int, String, String, String, LocalDate)[1]" classname="com.yan.leaves.test.services.TeacherServiceTest" time="0.472"/>
  <testcase name="search_test(String, String, String, int)[1]" classname="com.yan.leaves.test.services.TeacherServiceTest" time="0.355"/>
  <testcase name="search_test(String, String, String, int)[2]" classname="com.yan.leaves.test.services.TeacherServiceTest" time="0.362"/>
  <testcase name="search_test(String, String, String, int)[3]" classname="com.yan.leaves.test.services.TeacherServiceTest" time="0.385"/>
  <testcase name="search_test(String, String, String, int)[4]" classname="com.yan.leaves.test.services.TeacherServiceTest" time="0.375"/>
  <testcase name="search_test(String, String, String, int)[5]" classname="com.yan.leaves.test.services.TeacherServiceTest" time="0.353"/>
  <testcase name="search_test(String, String, String, int)[6]" classname="com.yan.leaves.test.services.TeacherServiceTest" time="0.359"/>
  <testcase name="search_test(String, String, String, int)[7]" classname="com.yan.leaves.test.services.TeacherServiceTest" time="0.346"/>
  <testcase name="search_test(String, String, String, int)[8]" classname="com.yan.leaves.test.services.TeacherServiceTest" time="0.376"/>
</testsuite>